<?xml version="1.0" encoding="UTF-8"?>
<testng-results ignored="0" total="7" passed="7" failed="0" skipped="0">
  <reporter-output>
  </reporter-output>
  <suite started-at="2024-12-17T23:40:59 WIB" name="Suite TestNG x Selenium" finished-at="2024-12-17T23:41:21 WIB" duration-ms="22254">
    <groups>
    </groups>
    <test started-at="2024-12-17T23:40:59 WIB" name="Firt My Test" finished-at="2024-12-17T23:41:21 WIB" duration-ms="22254">
      <class name="com.bda.AppTestCart">
        <test-method is-config="true" signature="setup()[pri:0, instance:com.bda.AppTestCart@6ce139a4]" started-at="2024-12-17T23:40:59 WIB" name="setup" finished-at="2024-12-17T23:41:00 WIB" duration-ms="1100" status="PASS">
          <reporter-output>
          </reporter-output>
        </test-method> <!-- setup -->
        <test-method signature="cartLimitTest()[pri:0, instance:com.bda.AppTestCart@6ce139a4]" started-at="2024-12-17T23:41:00 WIB" name="cartLimitTest" finished-at="2024-12-17T23:41:06 WIB" duration-ms="5952" status="PASS">
          <reporter-output>
          </reporter-output>
        </test-method> <!-- cartLimitTest -->
        <test-method signature="cartOrderLimitTest()[pri:0, instance:com.bda.AppTestCart@6ce139a4]" started-at="2024-12-17T23:41:06 WIB" name="cartOrderLimitTest" finished-at="2024-12-17T23:41:07 WIB" duration-ms="515" status="PASS">
          <reporter-output>
          </reporter-output>
        </test-method> <!-- cartOrderLimitTest -->
        <test-method signature="cartinDateRangeTest()[pri:0, instance:com.bda.AppTestCart@6ce139a4]" started-at="2024-12-17T23:41:07 WIB" name="cartinDateRangeTest" finished-at="2024-12-17T23:41:11 WIB" duration-ms="4262" status="PASS">
          <reporter-output>
          </reporter-output>
        </test-method> <!-- cartinDateRangeTest -->
        <test-method signature="getAllCartTest()[pri:0, instance:com.bda.AppTestCart@6ce139a4]" started-at="2024-12-17T23:41:11 WIB" name="getAllCartTest" finished-at="2024-12-17T23:41:11 WIB" duration-ms="516" status="PASS">
          <reporter-output>
          </reporter-output>
        </test-method> <!-- getAllCartTest -->
        <test-method signature="newCartTest()[pri:0, instance:com.bda.AppTestCart@6ce139a4]" started-at="2024-12-17T23:41:11 WIB" name="newCartTest" finished-at="2024-12-17T23:41:16 WIB" duration-ms="4436" status="PASS">
          <reporter-output>
          </reporter-output>
        </test-method> <!-- newCartTest -->
        <test-method signature="singleCartTest()[pri:0, instance:com.bda.AppTestCart@6ce139a4]" started-at="2024-12-17T23:41:16 WIB" name="singleCartTest" finished-at="2024-12-17T23:41:18 WIB" duration-ms="1719" status="PASS">
          <reporter-output>
          </reporter-output>
        </test-method> <!-- singleCartTest -->
        <test-method signature="userCartTest()[pri:0, instance:com.bda.AppTestCart@6ce139a4]" started-at="2024-12-17T23:41:18 WIB" name="userCartTest" finished-at="2024-12-17T23:41:21 WIB" duration-ms="3697" status="PASS">
          <reporter-output>
          </reporter-output>
        </test-method> <!-- userCartTest -->
      </class> <!-- com.bda.AppTestCart -->
    </test> <!-- Firt My Test -->
  </suite> <!-- Suite TestNG x Selenium -->
</testng-results>
