<?xml version="1.0" encoding="UTF-8"?>
<!-- Generated by org.testng.reporters.JUnitXMLReporter -->
<testsuite ignored="0" hostname="LAPTOP-RD7G2GLV" failures="0" tests="7" name="Firt My Test" time="22.254" errors="0" timestamp="2024-12-17T23:41:21 WIB">
  <testcase classname="com.bda.AppTestCart" name="cartLimitTest" time="5.952"/>
  <testcase classname="com.bda.AppTestCart" name="cartOrderLimitTest" time="0.515"/>
  <testcase classname="com.bda.AppTestCart" name="cartinDateRangeTest" time="4.262"/>
  <testcase classname="com.bda.AppTestCart" name="getAllCartTest" time="0.516"/>
  <testcase classname="com.bda.AppTestCart" name="newCartTest" time="4.436"/>
  <testcase classname="com.bda.AppTestCart" name="singleCartTest" time="1.719"/>
  <testcase classname="com.bda.AppTestCart" name="userCartTest" time="3.697"/>
</testsuite> <!-- Firt My Test -->
